c:\workspace\virtual_studio_projects\opengl\opengl\x64\debug\vc143.pdb
c:\workspace\virtual_studio_projects\opengl\opengl\x64\debug\vc143.idb
c:\workspace\virtual_studio_projects\opengl\opengl\x64\debug\main.obj
c:\workspace\virtual_studio_projects\opengl\opengl\x64\debug\my_work.ilk
c:\workspace\virtual_studio_projects\opengl\x64\debug\my_work.exe
c:\workspace\virtual_studio_projects\opengl\x64\debug\my_work.pdb
c:\workspace\virtual_studio_projects\opengl\opengl\x64\debug\lab1.obj
c:\workspace\virtual_studio_projects\opengl\opengl\x64\debug\lab11.obj
c:\workspace\virtual_studio_projects\opengl\opengl\x64\debug\lab2.obj
c:\workspace\virtual_studio_projects\opengl\opengl\x64\debug\lab2_fromweb.obj
c:\workspace\virtual_studio_projects\opengl\opengl\x64\debug\lab3.obj
c:\workspace\virtual_studio_projects\opengl\opengl\x64\debug\lab4.obj
c:\workspace\virtual_studio_projects\opengl\opengl\x64\debug\lab5.obj
c:\workspace\virtual_studio_projects\opengl\opengl\x64\debug\lab9.obj
c:\workspace\virtual_studio_projects\opengl\opengl\x64\debug\test.obj
c:\workspace\virtual_studio_projects\opengl\opengl\x64\debug\源.obj
c:\workspace\virtual_studio_projects\opengl\opengl\x64\debug\opengl.ilk
c:\workspace\virtual_studio_projects\opengl\opengl\x64\debug\my_work.tlog\cl.command.1.tlog
c:\workspace\virtual_studio_projects\opengl\opengl\x64\debug\my_work.tlog\cl.read.1.tlog
c:\workspace\virtual_studio_projects\opengl\opengl\x64\debug\my_work.tlog\cl.write.1.tlog
c:\workspace\virtual_studio_projects\opengl\opengl\x64\debug\my_work.tlog\link.command.1.tlog
c:\workspace\virtual_studio_projects\opengl\opengl\x64\debug\my_work.tlog\link.read.1.tlog
c:\workspace\virtual_studio_projects\opengl\opengl\x64\debug\my_work.tlog\link.write.1.tlog
