  main.cpp
C:\学习资料\大三上\计算机图形学\2013852_郁万祥_模拟3D别墅\源码\openGL\main.cpp(70,33): warning C4244: “参数”: 从“const GLfloat”转换到“GLenum”，可能丢失数据
C:\学习资料\大三上\计算机图形学\2013852_郁万祥_模拟3D别墅\源码\openGL\main.cpp(138,43): warning C4244: “参数”: 从“double”转换到“GLfloat”，可能丢失数据
C:\学习资料\大三上\计算机图形学\2013852_郁万祥_模拟3D别墅\源码\openGL\main.cpp(138,32): warning C4244: “参数”: 从“double”转换到“GLfloat”，可能丢失数据
C:\学习资料\大三上\计算机图形学\2013852_郁万祥_模拟3D别墅\源码\openGL\main.cpp(138,21): warning C4244: “参数”: 从“double”转换到“GLfloat”，可能丢失数据
C:\学习资料\大三上\计算机图形学\2013852_郁万祥_模拟3D别墅\源码\openGL\main.cpp(139,43): warning C4244: “参数”: 从“double”转换到“GLfloat”，可能丢失数据
C:\学习资料\大三上\计算机图形学\2013852_郁万祥_模拟3D别墅\源码\openGL\main.cpp(139,32): warning C4244: “参数”: 从“double”转换到“GLfloat”，可能丢失数据
C:\学习资料\大三上\计算机图形学\2013852_郁万祥_模拟3D别墅\源码\openGL\main.cpp(139,21): warning C4244: “参数”: 从“double”转换到“GLfloat”，可能丢失数据
C:\学习资料\大三上\计算机图形学\2013852_郁万祥_模拟3D别墅\源码\openGL\main.cpp(140,43): warning C4244: “参数”: 从“double”转换到“GLfloat”，可能丢失数据
C:\学习资料\大三上\计算机图形学\2013852_郁万祥_模拟3D别墅\源码\openGL\main.cpp(140,32): warning C4244: “参数”: 从“double”转换到“GLfloat”，可能丢失数据
C:\学习资料\大三上\计算机图形学\2013852_郁万祥_模拟3D别墅\源码\openGL\main.cpp(140,21): warning C4244: “参数”: 从“double”转换到“GLfloat”，可能丢失数据
C:\学习资料\大三上\计算机图形学\2013852_郁万祥_模拟3D别墅\源码\openGL\main.cpp(141,43): warning C4244: “参数”: 从“double”转换到“GLfloat”，可能丢失数据
C:\学习资料\大三上\计算机图形学\2013852_郁万祥_模拟3D别墅\源码\openGL\main.cpp(141,32): warning C4244: “参数”: 从“double”转换到“GLfloat”，可能丢失数据
C:\学习资料\大三上\计算机图形学\2013852_郁万祥_模拟3D别墅\源码\openGL\main.cpp(141,21): warning C4244: “参数”: 从“double”转换到“GLfloat”，可能丢失数据
C:\学习资料\大三上\计算机图形学\2013852_郁万祥_模拟3D别墅\源码\openGL\main.cpp(147,43): warning C4244: “参数”: 从“double”转换到“GLfloat”，可能丢失数据
C:\学习资料\大三上\计算机图形学\2013852_郁万祥_模拟3D别墅\源码\openGL\main.cpp(147,32): warning C4244: “参数”: 从“double”转换到“GLfloat”，可能丢失数据
C:\学习资料\大三上\计算机图形学\2013852_郁万祥_模拟3D别墅\源码\openGL\main.cpp(147,21): warning C4244: “参数”: 从“double”转换到“GLfloat”，可能丢失数据
C:\学习资料\大三上\计算机图形学\2013852_郁万祥_模拟3D别墅\源码\openGL\main.cpp(148,43): warning C4244: “参数”: 从“double”转换到“GLfloat”，可能丢失数据
C:\学习资料\大三上\计算机图形学\2013852_郁万祥_模拟3D别墅\源码\openGL\main.cpp(148,32): warning C4244: “参数”: 从“double”转换到“GLfloat”，可能丢失数据
C:\学习资料\大三上\计算机图形学\2013852_郁万祥_模拟3D别墅\源码\openGL\main.cpp(148,21): warning C4244: “参数”: 从“double”转换到“GLfloat”，可能丢失数据
C:\学习资料\大三上\计算机图形学\2013852_郁万祥_模拟3D别墅\源码\openGL\main.cpp(149,43): warning C4244: “参数”: 从“double”转换到“GLfloat”，可能丢失数据
C:\学习资料\大三上\计算机图形学\2013852_郁万祥_模拟3D别墅\源码\openGL\main.cpp(149,32): warning C4244: “参数”: 从“double”转换到“GLfloat”，可能丢失数据
C:\学习资料\大三上\计算机图形学\2013852_郁万祥_模拟3D别墅\源码\openGL\main.cpp(149,21): warning C4244: “参数”: 从“double”转换到“GLfloat”，可能丢失数据
C:\学习资料\大三上\计算机图形学\2013852_郁万祥_模拟3D别墅\源码\openGL\main.cpp(150,43): warning C4244: “参数”: 从“double”转换到“GLfloat”，可能丢失数据
C:\学习资料\大三上\计算机图形学\2013852_郁万祥_模拟3D别墅\源码\openGL\main.cpp(150,32): warning C4244: “参数”: 从“double”转换到“GLfloat”，可能丢失数据
C:\学习资料\大三上\计算机图形学\2013852_郁万祥_模拟3D别墅\源码\openGL\main.cpp(150,21): warning C4244: “参数”: 从“double”转换到“GLfloat”，可能丢失数据
C:\学习资料\大三上\计算机图形学\2013852_郁万祥_模拟3D别墅\源码\openGL\main.cpp(156,43): warning C4244: “参数”: 从“double”转换到“GLfloat”，可能丢失数据
C:\学习资料\大三上\计算机图形学\2013852_郁万祥_模拟3D别墅\源码\openGL\main.cpp(156,32): warning C4244: “参数”: 从“double”转换到“GLfloat”，可能丢失数据
C:\学习资料\大三上\计算机图形学\2013852_郁万祥_模拟3D别墅\源码\openGL\main.cpp(156,21): warning C4244: “参数”: 从“double”转换到“GLfloat”，可能丢失数据
C:\学习资料\大三上\计算机图形学\2013852_郁万祥_模拟3D别墅\源码\openGL\main.cpp(157,43): warning C4244: “参数”: 从“double”转换到“GLfloat”，可能丢失数据
C:\学习资料\大三上\计算机图形学\2013852_郁万祥_模拟3D别墅\源码\openGL\main.cpp(157,32): warning C4244: “参数”: 从“double”转换到“GLfloat”，可能丢失数据
C:\学习资料\大三上\计算机图形学\2013852_郁万祥_模拟3D别墅\源码\openGL\main.cpp(157,21): warning C4244: “参数”: 从“double”转换到“GLfloat”，可能丢失数据
C:\学习资料\大三上\计算机图形学\2013852_郁万祥_模拟3D别墅\源码\openGL\main.cpp(158,43): warning C4244: “参数”: 从“double”转换到“GLfloat”，可能丢失数据
C:\学习资料\大三上\计算机图形学\2013852_郁万祥_模拟3D别墅\源码\openGL\main.cpp(158,32): warning C4244: “参数”: 从“double”转换到“GLfloat”，可能丢失数据
C:\学习资料\大三上\计算机图形学\2013852_郁万祥_模拟3D别墅\源码\openGL\main.cpp(158,21): warning C4244: “参数”: 从“double”转换到“GLfloat”，可能丢失数据
C:\学习资料\大三上\计算机图形学\2013852_郁万祥_模拟3D别墅\源码\openGL\main.cpp(159,43): warning C4244: “参数”: 从“double”转换到“GLfloat”，可能丢失数据
C:\学习资料\大三上\计算机图形学\2013852_郁万祥_模拟3D别墅\源码\openGL\main.cpp(159,32): warning C4244: “参数”: 从“double”转换到“GLfloat”，可能丢失数据
C:\学习资料\大三上\计算机图形学\2013852_郁万祥_模拟3D别墅\源码\openGL\main.cpp(159,21): warning C4244: “参数”: 从“double”转换到“GLfloat”，可能丢失数据
C:\学习资料\大三上\计算机图形学\2013852_郁万祥_模拟3D别墅\源码\openGL\main.cpp(165,43): warning C4244: “参数”: 从“double”转换到“GLfloat”，可能丢失数据
C:\学习资料\大三上\计算机图形学\2013852_郁万祥_模拟3D别墅\源码\openGL\main.cpp(165,32): warning C4244: “参数”: 从“double”转换到“GLfloat”，可能丢失数据
C:\学习资料\大三上\计算机图形学\2013852_郁万祥_模拟3D别墅\源码\openGL\main.cpp(165,21): warning C4244: “参数”: 从“double”转换到“GLfloat”，可能丢失数据
C:\学习资料\大三上\计算机图形学\2013852_郁万祥_模拟3D别墅\源码\openGL\main.cpp(166,43): warning C4244: “参数”: 从“double”转换到“GLfloat”，可能丢失数据
C:\学习资料\大三上\计算机图形学\2013852_郁万祥_模拟3D别墅\源码\openGL\main.cpp(166,32): warning C4244: “参数”: 从“double”转换到“GLfloat”，可能丢失数据
C:\学习资料\大三上\计算机图形学\2013852_郁万祥_模拟3D别墅\源码\openGL\main.cpp(166,21): warning C4244: “参数”: 从“double”转换到“GLfloat”，可能丢失数据
C:\学习资料\大三上\计算机图形学\2013852_郁万祥_模拟3D别墅\源码\openGL\main.cpp(167,43): warning C4244: “参数”: 从“double”转换到“GLfloat”，可能丢失数据
C:\学习资料\大三上\计算机图形学\2013852_郁万祥_模拟3D别墅\源码\openGL\main.cpp(167,32): warning C4244: “参数”: 从“double”转换到“GLfloat”，可能丢失数据
C:\学习资料\大三上\计算机图形学\2013852_郁万祥_模拟3D别墅\源码\openGL\main.cpp(167,21): warning C4244: “参数”: 从“double”转换到“GLfloat”，可能丢失数据
C:\学习资料\大三上\计算机图形学\2013852_郁万祥_模拟3D别墅\源码\openGL\main.cpp(168,43): warning C4244: “参数”: 从“double”转换到“GLfloat”，可能丢失数据
C:\学习资料\大三上\计算机图形学\2013852_郁万祥_模拟3D别墅\源码\openGL\main.cpp(168,32): warning C4244: “参数”: 从“double”转换到“GLfloat”，可能丢失数据
C:\学习资料\大三上\计算机图形学\2013852_郁万祥_模拟3D别墅\源码\openGL\main.cpp(168,21): warning C4244: “参数”: 从“double”转换到“GLfloat”，可能丢失数据
C:\学习资料\大三上\计算机图形学\2013852_郁万祥_模拟3D别墅\源码\openGL\main.cpp(174,43): warning C4244: “参数”: 从“double”转换到“GLfloat”，可能丢失数据
C:\学习资料\大三上\计算机图形学\2013852_郁万祥_模拟3D别墅\源码\openGL\main.cpp(174,32): warning C4244: “参数”: 从“double”转换到“GLfloat”，可能丢失数据
C:\学习资料\大三上\计算机图形学\2013852_郁万祥_模拟3D别墅\源码\openGL\main.cpp(174,21): warning C4244: “参数”: 从“double”转换到“GLfloat”，可能丢失数据
C:\学习资料\大三上\计算机图形学\2013852_郁万祥_模拟3D别墅\源码\openGL\main.cpp(175,43): warning C4244: “参数”: 从“double”转换到“GLfloat”，可能丢失数据
C:\学习资料\大三上\计算机图形学\2013852_郁万祥_模拟3D别墅\源码\openGL\main.cpp(175,32): warning C4244: “参数”: 从“double”转换到“GLfloat”，可能丢失数据
C:\学习资料\大三上\计算机图形学\2013852_郁万祥_模拟3D别墅\源码\openGL\main.cpp(175,21): warning C4244: “参数”: 从“double”转换到“GLfloat”，可能丢失数据
C:\学习资料\大三上\计算机图形学\2013852_郁万祥_模拟3D别墅\源码\openGL\main.cpp(176,43): warning C4244: “参数”: 从“double”转换到“GLfloat”，可能丢失数据
C:\学习资料\大三上\计算机图形学\2013852_郁万祥_模拟3D别墅\源码\openGL\main.cpp(176,32): warning C4244: “参数”: 从“double”转换到“GLfloat”，可能丢失数据
C:\学习资料\大三上\计算机图形学\2013852_郁万祥_模拟3D别墅\源码\openGL\main.cpp(176,21): warning C4244: “参数”: 从“double”转换到“GLfloat”，可能丢失数据
C:\学习资料\大三上\计算机图形学\2013852_郁万祥_模拟3D别墅\源码\openGL\main.cpp(177,43): warning C4244: “参数”: 从“double”转换到“GLfloat”，可能丢失数据
C:\学习资料\大三上\计算机图形学\2013852_郁万祥_模拟3D别墅\源码\openGL\main.cpp(177,32): warning C4244: “参数”: 从“double”转换到“GLfloat”，可能丢失数据
C:\学习资料\大三上\计算机图形学\2013852_郁万祥_模拟3D别墅\源码\openGL\main.cpp(177,21): warning C4244: “参数”: 从“double”转换到“GLfloat”，可能丢失数据
C:\学习资料\大三上\计算机图形学\2013852_郁万祥_模拟3D别墅\源码\openGL\main.cpp(183,43): warning C4244: “参数”: 从“double”转换到“GLfloat”，可能丢失数据
C:\学习资料\大三上\计算机图形学\2013852_郁万祥_模拟3D别墅\源码\openGL\main.cpp(183,32): warning C4244: “参数”: 从“double”转换到“GLfloat”，可能丢失数据
C:\学习资料\大三上\计算机图形学\2013852_郁万祥_模拟3D别墅\源码\openGL\main.cpp(183,21): warning C4244: “参数”: 从“double”转换到“GLfloat”，可能丢失数据
C:\学习资料\大三上\计算机图形学\2013852_郁万祥_模拟3D别墅\源码\openGL\main.cpp(184,43): warning C4244: “参数”: 从“double”转换到“GLfloat”，可能丢失数据
C:\学习资料\大三上\计算机图形学\2013852_郁万祥_模拟3D别墅\源码\openGL\main.cpp(184,32): warning C4244: “参数”: 从“double”转换到“GLfloat”，可能丢失数据
C:\学习资料\大三上\计算机图形学\2013852_郁万祥_模拟3D别墅\源码\openGL\main.cpp(184,21): warning C4244: “参数”: 从“double”转换到“GLfloat”，可能丢失数据
C:\学习资料\大三上\计算机图形学\2013852_郁万祥_模拟3D别墅\源码\openGL\main.cpp(185,43): warning C4244: “参数”: 从“double”转换到“GLfloat”，可能丢失数据
C:\学习资料\大三上\计算机图形学\2013852_郁万祥_模拟3D别墅\源码\openGL\main.cpp(185,32): warning C4244: “参数”: 从“double”转换到“GLfloat”，可能丢失数据
C:\学习资料\大三上\计算机图形学\2013852_郁万祥_模拟3D别墅\源码\openGL\main.cpp(185,21): warning C4244: “参数”: 从“double”转换到“GLfloat”，可能丢失数据
C:\学习资料\大三上\计算机图形学\2013852_郁万祥_模拟3D别墅\源码\openGL\main.cpp(186,43): warning C4244: “参数”: 从“double”转换到“GLfloat”，可能丢失数据
C:\学习资料\大三上\计算机图形学\2013852_郁万祥_模拟3D别墅\源码\openGL\main.cpp(186,32): warning C4244: “参数”: 从“double”转换到“GLfloat”，可能丢失数据
C:\学习资料\大三上\计算机图形学\2013852_郁万祥_模拟3D别墅\源码\openGL\main.cpp(186,21): warning C4244: “参数”: 从“double”转换到“GLfloat”，可能丢失数据
C:\学习资料\大三上\计算机图形学\2013852_郁万祥_模拟3D别墅\源码\openGL\main.cpp(194,46): warning C4244: “参数”: 从“double”转换到“GLfloat”，可能丢失数据
C:\学习资料\大三上\计算机图形学\2013852_郁万祥_模拟3D别墅\源码\openGL\main.cpp(194,34): warning C4244: “参数”: 从“double”转换到“GLfloat”，可能丢失数据
C:\学习资料\大三上\计算机图形学\2013852_郁万祥_模拟3D别墅\源码\openGL\main.cpp(194,22): warning C4244: “参数”: 从“double”转换到“GLfloat”，可能丢失数据
C:\学习资料\大三上\计算机图形学\2013852_郁万祥_模拟3D别墅\源码\openGL\main.cpp(195,46): warning C4244: “参数”: 从“double”转换到“GLfloat”，可能丢失数据
C:\学习资料\大三上\计算机图形学\2013852_郁万祥_模拟3D别墅\源码\openGL\main.cpp(195,34): warning C4244: “参数”: 从“double”转换到“GLfloat”，可能丢失数据
C:\学习资料\大三上\计算机图形学\2013852_郁万祥_模拟3D别墅\源码\openGL\main.cpp(195,22): warning C4244: “参数”: 从“double”转换到“GLfloat”，可能丢失数据
C:\学习资料\大三上\计算机图形学\2013852_郁万祥_模拟3D别墅\源码\openGL\main.cpp(196,46): warning C4244: “参数”: 从“double”转换到“GLfloat”，可能丢失数据
C:\学习资料\大三上\计算机图形学\2013852_郁万祥_模拟3D别墅\源码\openGL\main.cpp(196,34): warning C4244: “参数”: 从“double”转换到“GLfloat”，可能丢失数据
C:\学习资料\大三上\计算机图形学\2013852_郁万祥_模拟3D别墅\源码\openGL\main.cpp(196,22): warning C4244: “参数”: 从“double”转换到“GLfloat”，可能丢失数据
C:\学习资料\大三上\计算机图形学\2013852_郁万祥_模拟3D别墅\源码\openGL\main.cpp(197,46): warning C4244: “参数”: 从“double”转换到“GLfloat”，可能丢失数据
C:\学习资料\大三上\计算机图形学\2013852_郁万祥_模拟3D别墅\源码\openGL\main.cpp(197,34): warning C4244: “参数”: 从“double”转换到“GLfloat”，可能丢失数据
C:\学习资料\大三上\计算机图形学\2013852_郁万祥_模拟3D别墅\源码\openGL\main.cpp(197,22): warning C4244: “参数”: 从“double”转换到“GLfloat”，可能丢失数据
C:\学习资料\大三上\计算机图形学\2013852_郁万祥_模拟3D别墅\源码\openGL\main.cpp(203,46): warning C4244: “参数”: 从“double”转换到“GLfloat”，可能丢失数据
C:\学习资料\大三上\计算机图形学\2013852_郁万祥_模拟3D别墅\源码\openGL\main.cpp(203,34): warning C4244: “参数”: 从“double”转换到“GLfloat”，可能丢失数据
C:\学习资料\大三上\计算机图形学\2013852_郁万祥_模拟3D别墅\源码\openGL\main.cpp(203,22): warning C4244: “参数”: 从“double”转换到“GLfloat”，可能丢失数据
C:\学习资料\大三上\计算机图形学\2013852_郁万祥_模拟3D别墅\源码\openGL\main.cpp(204,46): warning C4244: “参数”: 从“double”转换到“GLfloat”，可能丢失数据
C:\学习资料\大三上\计算机图形学\2013852_郁万祥_模拟3D别墅\源码\openGL\main.cpp(204,34): warning C4244: “参数”: 从“double”转换到“GLfloat”，可能丢失数据
C:\学习资料\大三上\计算机图形学\2013852_郁万祥_模拟3D别墅\源码\openGL\main.cpp(204,22): warning C4244: “参数”: 从“double”转换到“GLfloat”，可能丢失数据
C:\学习资料\大三上\计算机图形学\2013852_郁万祥_模拟3D别墅\源码\openGL\main.cpp(205,46): warning C4244: “参数”: 从“double”转换到“GLfloat”，可能丢失数据
C:\学习资料\大三上\计算机图形学\2013852_郁万祥_模拟3D别墅\源码\openGL\main.cpp(205,34): warning C4244: “参数”: 从“double”转换到“GLfloat”，可能丢失数据
C:\学习资料\大三上\计算机图形学\2013852_郁万祥_模拟3D别墅\源码\openGL\main.cpp(205,22): warning C4244: “参数”: 从“double”转换到“GLfloat”，可能丢失数据
C:\学习资料\大三上\计算机图形学\2013852_郁万祥_模拟3D别墅\源码\openGL\main.cpp(206,46): warning C4244: “参数”: 从“double”转换到“GLfloat”，可能丢失数据
C:\学习资料\大三上\计算机图形学\2013852_郁万祥_模拟3D别墅\源码\openGL\main.cpp(206,34): warning C4244: “参数”: 从“double”转换到“GLfloat”，可能丢失数据
C:\学习资料\大三上\计算机图形学\2013852_郁万祥_模拟3D别墅\源码\openGL\main.cpp(206,22): warning C4244: “参数”: 从“double”转换到“GLfloat”，可能丢失数据
C:\学习资料\大三上\计算机图形学\2013852_郁万祥_模拟3D别墅\源码\openGL\main.cpp(212,46): warning C4244: “参数”: 从“double”转换到“GLfloat”，可能丢失数据
C:\学习资料\大三上\计算机图形学\2013852_郁万祥_模拟3D别墅\源码\openGL\main.cpp(212,34): warning C4244: “参数”: 从“double”转换到“GLfloat”，可能丢失数据
C:\学习资料\大三上\计算机图形学\2013852_郁万祥_模拟3D别墅\源码\openGL\main.cpp(212,22): warning C4244: “参数”: 从“double”转换到“GLfloat”，可能丢失数据
C:\学习资料\大三上\计算机图形学\2013852_郁万祥_模拟3D别墅\源码\openGL\main.cpp(213,46): warning C4244: “参数”: 从“double”转换到“GLfloat”，可能丢失数据
C:\学习资料\大三上\计算机图形学\2013852_郁万祥_模拟3D别墅\源码\openGL\main.cpp(213,34): warning C4244: “参数”: 从“double”转换到“GLfloat”，可能丢失数据
C:\学习资料\大三上\计算机图形学\2013852_郁万祥_模拟3D别墅\源码\openGL\main.cpp(213,22): warning C4244: “参数”: 从“double”转换到“GLfloat”，可能丢失数据
C:\学习资料\大三上\计算机图形学\2013852_郁万祥_模拟3D别墅\源码\openGL\main.cpp(214,46): warning C4244: “参数”: 从“double”转换到“GLfloat”，可能丢失数据
C:\学习资料\大三上\计算机图形学\2013852_郁万祥_模拟3D别墅\源码\openGL\main.cpp(214,34): warning C4244: “参数”: 从“double”转换到“GLfloat”，可能丢失数据
C:\学习资料\大三上\计算机图形学\2013852_郁万祥_模拟3D别墅\源码\openGL\main.cpp(214,22): warning C4244: “参数”: 从“double”转换到“GLfloat”，可能丢失数据
C:\学习资料\大三上\计算机图形学\2013852_郁万祥_模拟3D别墅\源码\openGL\main.cpp(215,46): warning C4244: “参数”: 从“double”转换到“GLfloat”，可能丢失数据
C:\学习资料\大三上\计算机图形学\2013852_郁万祥_模拟3D别墅\源码\openGL\main.cpp(215,34): warning C4244: “参数”: 从“double”转换到“GLfloat”，可能丢失数据
C:\学习资料\大三上\计算机图形学\2013852_郁万祥_模拟3D别墅\源码\openGL\main.cpp(215,22): warning C4244: “参数”: 从“double”转换到“GLfloat”，可能丢失数据
C:\学习资料\大三上\计算机图形学\2013852_郁万祥_模拟3D别墅\源码\openGL\main.cpp(221,46): warning C4244: “参数”: 从“double”转换到“GLfloat”，可能丢失数据
C:\学习资料\大三上\计算机图形学\2013852_郁万祥_模拟3D别墅\源码\openGL\main.cpp(221,34): warning C4244: “参数”: 从“double”转换到“GLfloat”，可能丢失数据
C:\学习资料\大三上\计算机图形学\2013852_郁万祥_模拟3D别墅\源码\openGL\main.cpp(221,22): warning C4244: “参数”: 从“double”转换到“GLfloat”，可能丢失数据
C:\学习资料\大三上\计算机图形学\2013852_郁万祥_模拟3D别墅\源码\openGL\main.cpp(222,46): warning C4244: “参数”: 从“double”转换到“GLfloat”，可能丢失数据
C:\学习资料\大三上\计算机图形学\2013852_郁万祥_模拟3D别墅\源码\openGL\main.cpp(222,34): warning C4244: “参数”: 从“double”转换到“GLfloat”，可能丢失数据
C:\学习资料\大三上\计算机图形学\2013852_郁万祥_模拟3D别墅\源码\openGL\main.cpp(222,22): warning C4244: “参数”: 从“double”转换到“GLfloat”，可能丢失数据
C:\学习资料\大三上\计算机图形学\2013852_郁万祥_模拟3D别墅\源码\openGL\main.cpp(223,46): warning C4244: “参数”: 从“double”转换到“GLfloat”，可能丢失数据
C:\学习资料\大三上\计算机图形学\2013852_郁万祥_模拟3D别墅\源码\openGL\main.cpp(223,34): warning C4244: “参数”: 从“double”转换到“GLfloat”，可能丢失数据
C:\学习资料\大三上\计算机图形学\2013852_郁万祥_模拟3D别墅\源码\openGL\main.cpp(223,22): warning C4244: “参数”: 从“double”转换到“GLfloat”，可能丢失数据
C:\学习资料\大三上\计算机图形学\2013852_郁万祥_模拟3D别墅\源码\openGL\main.cpp(224,46): warning C4244: “参数”: 从“double”转换到“GLfloat”，可能丢失数据
C:\学习资料\大三上\计算机图形学\2013852_郁万祥_模拟3D别墅\源码\openGL\main.cpp(224,34): warning C4244: “参数”: 从“double”转换到“GLfloat”，可能丢失数据
C:\学习资料\大三上\计算机图形学\2013852_郁万祥_模拟3D别墅\源码\openGL\main.cpp(224,22): warning C4244: “参数”: 从“double”转换到“GLfloat”，可能丢失数据
C:\学习资料\大三上\计算机图形学\2013852_郁万祥_模拟3D别墅\源码\openGL\main.cpp(230,46): warning C4244: “参数”: 从“double”转换到“GLfloat”，可能丢失数据
C:\学习资料\大三上\计算机图形学\2013852_郁万祥_模拟3D别墅\源码\openGL\main.cpp(230,34): warning C4244: “参数”: 从“double”转换到“GLfloat”，可能丢失数据
C:\学习资料\大三上\计算机图形学\2013852_郁万祥_模拟3D别墅\源码\openGL\main.cpp(230,22): warning C4244: “参数”: 从“double”转换到“GLfloat”，可能丢失数据
C:\学习资料\大三上\计算机图形学\2013852_郁万祥_模拟3D别墅\源码\openGL\main.cpp(231,46): warning C4244: “参数”: 从“double”转换到“GLfloat”，可能丢失数据
C:\学习资料\大三上\计算机图形学\2013852_郁万祥_模拟3D别墅\源码\openGL\main.cpp(231,34): warning C4244: “参数”: 从“double”转换到“GLfloat”，可能丢失数据
C:\学习资料\大三上\计算机图形学\2013852_郁万祥_模拟3D别墅\源码\openGL\main.cpp(231,22): warning C4244: “参数”: 从“double”转换到“GLfloat”，可能丢失数据
C:\学习资料\大三上\计算机图形学\2013852_郁万祥_模拟3D别墅\源码\openGL\main.cpp(232,46): warning C4244: “参数”: 从“double”转换到“GLfloat”，可能丢失数据
C:\学习资料\大三上\计算机图形学\2013852_郁万祥_模拟3D别墅\源码\openGL\main.cpp(232,34): warning C4244: “参数”: 从“double”转换到“GLfloat”，可能丢失数据
C:\学习资料\大三上\计算机图形学\2013852_郁万祥_模拟3D别墅\源码\openGL\main.cpp(232,22): warning C4244: “参数”: 从“double”转换到“GLfloat”，可能丢失数据
C:\学习资料\大三上\计算机图形学\2013852_郁万祥_模拟3D别墅\源码\openGL\main.cpp(233,46): warning C4244: “参数”: 从“double”转换到“GLfloat”，可能丢失数据
C:\学习资料\大三上\计算机图形学\2013852_郁万祥_模拟3D别墅\源码\openGL\main.cpp(233,34): warning C4244: “参数”: 从“double”转换到“GLfloat”，可能丢失数据
C:\学习资料\大三上\计算机图形学\2013852_郁万祥_模拟3D别墅\源码\openGL\main.cpp(233,22): warning C4244: “参数”: 从“double”转换到“GLfloat”，可能丢失数据
C:\学习资料\大三上\计算机图形学\2013852_郁万祥_模拟3D别墅\源码\openGL\main.cpp(239,46): warning C4244: “参数”: 从“double”转换到“GLfloat”，可能丢失数据
C:\学习资料\大三上\计算机图形学\2013852_郁万祥_模拟3D别墅\源码\openGL\main.cpp(239,34): warning C4244: “参数”: 从“double”转换到“GLfloat”，可能丢失数据
C:\学习资料\大三上\计算机图形学\2013852_郁万祥_模拟3D别墅\源码\openGL\main.cpp(239,22): warning C4244: “参数”: 从“double”转换到“GLfloat”，可能丢失数据
C:\学习资料\大三上\计算机图形学\2013852_郁万祥_模拟3D别墅\源码\openGL\main.cpp(240,46): warning C4244: “参数”: 从“double”转换到“GLfloat”，可能丢失数据
C:\学习资料\大三上\计算机图形学\2013852_郁万祥_模拟3D别墅\源码\openGL\main.cpp(240,34): warning C4244: “参数”: 从“double”转换到“GLfloat”，可能丢失数据
C:\学习资料\大三上\计算机图形学\2013852_郁万祥_模拟3D别墅\源码\openGL\main.cpp(240,22): warning C4244: “参数”: 从“double”转换到“GLfloat”，可能丢失数据
C:\学习资料\大三上\计算机图形学\2013852_郁万祥_模拟3D别墅\源码\openGL\main.cpp(241,46): warning C4244: “参数”: 从“double”转换到“GLfloat”，可能丢失数据
C:\学习资料\大三上\计算机图形学\2013852_郁万祥_模拟3D别墅\源码\openGL\main.cpp(241,34): warning C4244: “参数”: 从“double”转换到“GLfloat”，可能丢失数据
C:\学习资料\大三上\计算机图形学\2013852_郁万祥_模拟3D别墅\源码\openGL\main.cpp(241,22): warning C4244: “参数”: 从“double”转换到“GLfloat”，可能丢失数据
C:\学习资料\大三上\计算机图形学\2013852_郁万祥_模拟3D别墅\源码\openGL\main.cpp(242,46): warning C4244: “参数”: 从“double”转换到“GLfloat”，可能丢失数据
C:\学习资料\大三上\计算机图形学\2013852_郁万祥_模拟3D别墅\源码\openGL\main.cpp(242,34): warning C4244: “参数”: 从“double”转换到“GLfloat”，可能丢失数据
C:\学习资料\大三上\计算机图形学\2013852_郁万祥_模拟3D别墅\源码\openGL\main.cpp(242,22): warning C4244: “参数”: 从“double”转换到“GLfloat”，可能丢失数据
C:\学习资料\大三上\计算机图形学\2013852_郁万祥_模拟3D别墅\源码\openGL\main.cpp(251,12): warning C4244: “参数”: 从“double”转换到“GLfloat”，可能丢失数据
C:\学习资料\大三上\计算机图形学\2013852_郁万祥_模拟3D别墅\源码\openGL\main.cpp(252,12): warning C4244: “参数”: 从“double”转换到“GLfloat”，可能丢失数据
C:\学习资料\大三上\计算机图形学\2013852_郁万祥_模拟3D别墅\源码\openGL\main.cpp(253,12): warning C4244: “参数”: 从“double”转换到“GLfloat”，可能丢失数据
C:\学习资料\大三上\计算机图形学\2013852_郁万祥_模拟3D别墅\源码\openGL\main.cpp(265,17): warning C4305: “参数”: 从“double”到“GLfloat”截断
C:\学习资料\大三上\计算机图形学\2013852_郁万祥_模拟3D别墅\源码\openGL\main.cpp(271,18): warning C4305: “参数”: 从“double”到“GLfloat”截断
C:\学习资料\大三上\计算机图形学\2013852_郁万祥_模拟3D别墅\源码\openGL\main.cpp(277,57): warning C4305: “初始化”: 从“double”到“GLfloat”截断
C:\学习资料\大三上\计算机图形学\2013852_郁万祥_模拟3D别墅\源码\openGL\main.cpp(342,17): warning C4305: “参数”: 从“double”到“GLfloat”截断
C:\学习资料\大三上\计算机图形学\2013852_郁万祥_模拟3D别墅\源码\openGL\main.cpp(376,17): warning C4305: “参数”: 从“double”到“GLfloat”截断
C:\学习资料\大三上\计算机图形学\2013852_郁万祥_模拟3D别墅\源码\openGL\main.cpp(415,22): warning C4305: “参数”: 从“double”到“GLfloat”截断
C:\学习资料\大三上\计算机图形学\2013852_郁万祥_模拟3D别墅\源码\openGL\main.cpp(421,47): warning C4305: “参数”: 从“double”到“GLfloat”截断
C:\学习资料\大三上\计算机图形学\2013852_郁万祥_模拟3D别墅\源码\openGL\main.cpp(431,53): warning C4305: “参数”: 从“double”到“GLfloat”截断
C:\学习资料\大三上\计算机图形学\2013852_郁万祥_模拟3D别墅\源码\openGL\main.cpp(442,15): warning C4305: “参数”: 从“double”到“GLfloat”截断
C:\学习资料\大三上\计算机图形学\2013852_郁万祥_模拟3D别墅\源码\openGL\main.cpp(445,17): warning C4305: “参数”: 从“double”到“GLfloat”截断
C:\学习资料\大三上\计算机图形学\2013852_郁万祥_模拟3D别墅\源码\openGL\main.cpp(451,18): warning C4305: “参数”: 从“double”到“GLfloat”截断
C:\学习资料\大三上\计算机图形学\2013852_郁万祥_模拟3D别墅\源码\openGL\main.cpp(458,17): warning C4305: “参数”: 从“double”到“GLfloat”截断
C:\学习资料\大三上\计算机图形学\2013852_郁万祥_模拟3D别墅\源码\openGL\main.cpp(462,18): warning C4305: “参数”: 从“double”到“GLfloat”截断
C:\学习资料\大三上\计算机图形学\2013852_郁万祥_模拟3D别墅\源码\openGL\main.cpp(496,44): warning C4305: “初始化”: 从“double”到“GLfloat”截断
C:\学习资料\大三上\计算机图形学\2013852_郁万祥_模拟3D别墅\源码\openGL\main.cpp(687,24): warning C4244: “参数”: 从“GLfloat”转换到“int”，可能丢失数据
C:\学习资料\大三上\计算机图形学\2013852_郁万祥_模拟3D别墅\源码\openGL\main.cpp(687,21): warning C4244: “参数”: 从“GLfloat”转换到“int”，可能丢失数据
  openGL.vcxproj -> C:\学习资料\大三上\计算机图形学\2013852_郁万祥_模拟3D别墅\源码\x64\Debug\work.exe
